mode: set
GOproject/cmd/lan_scanner/main.go:20.80,28.16 4 1
GOproject/cmd/lan_scanner/main.go:28.16,32.3 2 0
GOproject/cmd/lan_scanner/main.go:36.40,39.16 2 1
GOproject/cmd/lan_scanner/main.go:39.16,41.3 1 0
GOproject/cmd/lan_scanner/main.go:43.2,43.31 1 1
GOproject/cmd/lan_scanner/main.go:43.31,45.63 1 1
GOproject/cmd/lan_scanner/main.go:45.63,46.12 1 1
GOproject/cmd/lan_scanner/main.go:50.3,51.17 2 1
GOproject/cmd/lan_scanner/main.go:51.17,52.12 1 0
GOproject/cmd/lan_scanner/main.go:55.3,55.30 1 1
GOproject/cmd/lan_scanner/main.go:55.30,57.68 1 1
GOproject/cmd/lan_scanner/main.go:57.68,59.30 1 1
GOproject/cmd/lan_scanner/main.go:59.30,66.6 2 1
GOproject/cmd/lan_scanner/main.go:71.2,71.67 1 0
GOproject/cmd/lan_scanner/main.go:74.13,78.16 3 0
GOproject/cmd/lan_scanner/main.go:78.16,81.3 2 0
GOproject/cmd/lan_scanner/main.go:83.2,94.28 6 0
GOproject/cmd/lan_scanner/main.go:94.28,100.3 4 0
GOproject/cmd/lan_scanner/main.go:103.2,103.12 1 0
GOproject/cmd/lan_scanner/main.go:103.12,104.31 1 0
GOproject/cmd/lan_scanner/main.go:104.31,106.4 1 0
GOproject/cmd/lan_scanner/main.go:110.2,116.75 4 0
GOproject/app.go:43.49,44.40 1 1
GOproject/app.go:44.40,46.3 1 0
GOproject/app.go:47.2,47.23 1 1
GOproject/app.go:47.23,49.3 1 0
GOproject/app.go:51.2,57.22 4 1
GOproject/app.go:57.22,69.17 4 0
GOproject/app.go:69.17,71.4 1 0
GOproject/app.go:71.9,74.4 2 0
GOproject/app.go:77.3,77.32 1 0
GOproject/app.go:78.8,78.31 1 1
GOproject/app.go:78.31,82.3 2 1
GOproject/app.go:84.2,84.12 1 1
GOproject/app.go:88.36,93.2 1 1
GOproject/app.go:96.137,106.66 7 1
GOproject/app.go:106.66,110.3 3 1
GOproject/app.go:112.2,134.11 6 1
GOproject/app.go:138.53,140.38 2 1
GOproject/app.go:140.38,142.3 1 1
GOproject/app.go:145.2,149.43 3 1
GOproject/app.go:153.144,175.16 4 1
GOproject/app.go:175.16,179.3 2 0
GOproject/app.go:181.2,182.33 2 1
GOproject/app.go:186.51,187.17 1 1
GOproject/app.go:187.17,189.3 1 0
GOproject/app.go:191.2,199.31 2 1
GOproject/app.go:200.20,209.4 1 1
GOproject/app.go:210.34,223.4 1 1
GOproject/app.go:224.10,225.14 1 1
GOproject/app.go:230.86,235.16 4 1
GOproject/app.go:235.16,237.3 1 0
GOproject/app.go:239.2,241.21 2 1
GOproject/app.go:241.21,243.26 2 1
GOproject/app.go:243.26,244.28 1 1
GOproject/app.go:244.28,246.10 2 1
GOproject/app.go:249.3,249.21 1 1
GOproject/app.go:249.21,252.4 1 1
GOproject/app.go:253.8,253.26 1 1
GOproject/app.go:253.26,255.26 2 1
GOproject/app.go:255.26,256.24 1 1
GOproject/app.go:256.24,258.10 2 1
GOproject/app.go:261.3,261.21 1 1
GOproject/app.go:261.21,263.4 1 1
GOproject/app.go:266.2,266.26 1 1
GOproject/app.go:266.26,268.3 1 0
GOproject/app.go:270.2,272.15 3 1
GOproject/app.go:276.77,283.25 5 1
GOproject/app.go:283.25,284.49 1 1
GOproject/app.go:284.49,285.26 1 1
GOproject/app.go:285.26,286.51 1 1
GOproject/app.go:286.51,288.6 1 1
GOproject/app.go:289.10,289.36 1 1
GOproject/app.go:289.36,291.5 1 1
GOproject/app.go:295.2,296.31 2 1
GOproject/app.go:296.31,298.3 1 1
GOproject/app.go:301.2,301.37 1 1
GOproject/app.go:301.37,302.40 1 0
GOproject/app.go:302.40,303.49 1 0
GOproject/app.go:303.49,305.5 1 0
GOproject/app.go:310.2,310.42 1 1
GOproject/app.go:310.42,314.3 3 0
GOproject/app.go:316.2,316.15 1 1
GOproject/app.go:320.93,327.25 5 1
GOproject/app.go:327.25,328.54 1 1
GOproject/app.go:328.54,329.26 1 1
GOproject/app.go:329.26,330.66 1 1
GOproject/app.go:330.66,332.6 1 1
GOproject/app.go:333.10,333.36 1 0
GOproject/app.go:333.36,335.5 1 0
GOproject/app.go:339.2,340.29 2 1
GOproject/app.go:340.29,342.3 1 1
GOproject/app.go:343.2,343.15 1 1
GOproject/app.go:388.31,390.18 2 1
GOproject/app.go:390.18,391.56 1 1
GOproject/app.go:391.56,393.22 2 1
GOproject/app.go:393.22,395.5 1 1
GOproject/app.go:396.9,399.4 2 0
GOproject/app.go:402.2,403.40 2 1
GOproject/app.go:403.40,405.3 1 1
GOproject/app.go:407.2,418.12 2 1
GOproject/app.go:423.44,429.53 4 0
GOproject/app.go:429.53,432.3 2 0
GOproject/app.go:433.2,435.44 2 0
GOproject/app.go:435.44,436.50 1 0
GOproject/app.go:436.50,438.4 1 0
GOproject/app.go:439.8,441.3 1 0
GOproject/app.go:444.2,444.27 1 0
GOproject/app.go:448.45,452.21 2 0
GOproject/app.go:452.21,453.49 1 0
GOproject/app.go:453.49,455.4 1 0
GOproject/app.go:455.9,457.4 1 0
GOproject/app.go:461.2,461.25 1 0
GOproject/app.go:461.25,463.52 2 0
GOproject/app.go:463.52,465.4 1 0
GOproject/app.go:469.2,469.29 1 0
GOproject/app.go:469.29,472.3 2 0
GOproject/app.go:476.41,478.2 1 1
GOproject/app.go:481.46,493.2 6 1
GOproject/app.go:496.38,501.31 4 1
GOproject/app.go:501.31,503.3 1 0
GOproject/app.go:505.2,505.40 1 1
GOproject/app.go:505.40,507.3 1 0
GOproject/app.go:509.2,509.14 1 1
GOproject/app.go:514.44,519.22 3 1
GOproject/app.go:519.22,521.3 1 0
GOproject/app.go:524.2,525.13 2 1
GOproject/app.go:525.13,527.3 1 0
GOproject/app.go:530.2,530.26 1 1
GOproject/app.go:530.26,540.3 4 1
GOproject/app.go:543.2,543.46 1 1
GOproject/app.go:543.46,553.89 4 1
GOproject/app.go:553.89,555.4 1 1
GOproject/app.go:560.2,560.89 1 1
GOproject/app.go:564.54,569.21 4 1
GOproject/app.go:569.21,571.3 1 0
GOproject/app.go:573.2,587.13 7 1
GOproject/app.go:592.92,597.9 4 1
GOproject/app.go:597.9,599.3 1 0
GOproject/app.go:601.2,602.9 2 1
GOproject/app.go:602.9,604.3 1 0
GOproject/app.go:607.2,609.27 3 1
GOproject/app.go:609.27,611.10 2 0
GOproject/app.go:611.10,613.4 1 0
GOproject/app.go:614.3,615.29 2 0
GOproject/app.go:618.2,618.27 1 1
GOproject/app.go:618.27,619.60 1 0
GOproject/app.go:619.60,621.4 1 0
GOproject/app.go:622.3,622.51 1 0
GOproject/app.go:625.2,626.24 2 1
GOproject/app.go:626.24,628.3 1 0
GOproject/app.go:630.2,652.24 8 1
GOproject/app.go:652.24,655.3 2 0
GOproject/app.go:656.2,657.88 2 1
GOproject/app.go:657.88,661.3 3 0
GOproject/app.go:663.2,663.87 1 1
GOproject/app.go:667.49,668.26 1 1
GOproject/app.go:668.26,669.16 1 1
GOproject/app.go:669.16,671.4 1 1
GOproject/app.go:673.2,673.14 1 1
GOproject/app.go:676.54,681.9 4 1
GOproject/app.go:681.9,683.3 1 0
GOproject/app.go:685.2,685.39 1 1
GOproject/app.go:689.73,692.13 3 1
GOproject/app.go:692.13,695.3 2 0
GOproject/app.go:697.2,697.36 1 1
GOproject/app.go:697.36,700.3 2 0
GOproject/app.go:702.2,702.41 1 1
GOproject/app.go:702.41,706.3 3 0
GOproject/app.go:708.2,710.38 3 1
GOproject/app.go:710.38,714.3 3 0
GOproject/app.go:717.2,717.26 1 1
GOproject/app.go:717.26,718.65 1 0
GOproject/app.go:718.65,722.4 3 0
GOproject/app.go:724.3,724.28 1 0
GOproject/app.go:724.28,728.4 3 0
GOproject/app.go:730.3,731.10 2 0
GOproject/app.go:731.10,735.4 3 0
GOproject/app.go:737.3,737.97 1 0
GOproject/app.go:737.97,739.4 1 0
GOproject/app.go:741.3,745.17 4 0
GOproject/app.go:745.17,747.4 1 0
GOproject/app.go:749.3,749.77 1 0
GOproject/app.go:752.2,752.52 1 1
GOproject/app.go:752.52,756.3 3 0
GOproject/app.go:758.2,772.16 8 1
GOproject/app.go:772.16,774.3 1 0
GOproject/app.go:776.2,777.16 2 1
GOproject/app.go:777.16,779.3 1 0
GOproject/app.go:781.2,781.71 1 1
GOproject/app.go:784.74,785.18 1 0
GOproject/app.go:785.18,787.3 1 0
GOproject/app.go:789.2,792.19 2 0
GOproject/app.go:792.19,794.3 1 0
GOproject/app.go:796.2,796.67 1 0
GOproject/app.go:799.62,800.18 1 0
GOproject/app.go:800.18,802.3 1 0
GOproject/app.go:804.2,807.4 1 0
GOproject/app.go:811.45,816.21 4 1
GOproject/app.go:816.21,818.3 1 0
GOproject/app.go:821.2,834.13 7 1
GOproject/app.go:838.38,842.2 3 1
GOproject/app.go:845.37,850.31 4 1
GOproject/app.go:850.31,852.3 1 1
GOproject/app.go:853.2,853.14 1 1
GOproject/app.go:857.32,859.2 1 1
GOproject/app.go:862.52,864.40 2 1
GOproject/app.go:864.40,866.3 1 1
GOproject/app.go:867.2,867.23 1 1
GOproject/app.go:867.23,868.21 1 1
GOproject/app.go:868.21,870.4 1 0
GOproject/app.go:871.3,871.70 1 1
GOproject/app.go:874.2,874.47 1 1
GOproject/app.go:874.47,876.3 1 0
GOproject/app.go:877.2,877.20 1 1
GOproject/app.go:881.42,882.28 1 1
GOproject/app.go:882.28,884.3 1 0
GOproject/app.go:885.2,885.38 1 1
GOproject/app.go:890.40,891.50 1 1
GOproject/app.go:891.50,894.3 2 0
GOproject/app.go:898.2,899.44 2 1
GOproject/app.go:905.54,908.12 2 0
GOproject/app.go:908.12,910.7 2 0
GOproject/app.go:910.7,911.11 1 0
GOproject/app.go:912.22,913.11 1 0
GOproject/app.go:914.24,915.26 1 0
GOproject/app.go:920.2,921.12 2 0
GOproject/app.go:921.12,923.7 2 0
GOproject/app.go:923.7,924.11 1 0
GOproject/app.go:925.22,926.11 1 0
GOproject/app.go:927.26,928.30 1 0
GOproject/app.go:933.2,933.109 1 0
GOproject/app.go:937.35,943.36 4 0
GOproject/app.go:943.36,944.29 1 0
GOproject/app.go:944.29,946.4 1 0
GOproject/app.go:949.2,949.39 1 0
GOproject/app.go:949.39,952.3 2 0
GOproject/app.go:954.2,954.28 1 0
GOproject/app.go:954.28,956.3 1 0
GOproject/app.go:959.39,963.32 3 0
GOproject/app.go:963.32,965.3 1 0
GOproject/app.go:967.2,968.43 2 0
GOproject/app.go:968.43,969.34 1 0
GOproject/app.go:969.34,971.4 1 0
GOproject/app.go:977.47,982.13 4 1
GOproject/app.go:982.13,984.3 1 0
GOproject/app.go:986.2,986.24 1 1
GOproject/app.go:986.24,988.3 1 0
GOproject/app.go:990.2,991.17 2 1
GOproject/app.go:991.17,993.3 1 0
GOproject/app.go:996.2,996.35 1 1
GOproject/app.go:996.35,997.20 1 1
GOproject/app.go:997.20,999.9 2 1
GOproject/app.go:1004.2,1008.58 3 1
GOproject/app.go:1008.58,1011.3 2 0
GOproject/app.go:1013.2,1023.27 3 1
GOproject/app.go:1023.27,1026.40 2 1
GOproject/app.go:1026.40,1027.41 1 1
GOproject/app.go:1027.41,1029.5 1 1
GOproject/app.go:1032.3,1032.58 1 1
GOproject/app.go:1032.58,1034.4 1 0
GOproject/app.go:1036.3,1036.32 1 1
GOproject/app.go:1036.32,1042.4 2 1
GOproject/app.go:1043.3,1043.96 1 1
GOproject/app.go:1046.2,1046.61 1 0
GOproject/app.go:1050.62,1055.13 4 1
GOproject/app.go:1055.13,1057.3 1 0
GOproject/app.go:1059.2,1060.13 2 1
GOproject/app.go:1060.13,1062.3 1 0
GOproject/app.go:1065.2,1065.50 1 1
GOproject/app.go:1065.50,1067.29 2 1
GOproject/app.go:1067.29,1069.4 1 1
GOproject/app.go:1069.9,1070.44 1 1
GOproject/app.go:1070.44,1071.21 1 1
GOproject/app.go:1071.21,1073.11 2 1
GOproject/app.go:1077.3,1077.18 1 1
GOproject/app.go:1077.18,1079.4 1 1
GOproject/app.go:1083.2,1083.36 1 1
GOproject/app.go:1083.36,1086.3 2 0
GOproject/app.go:1089.2,1102.40 5 1
GOproject/app.go:1102.40,1103.88 1 1
GOproject/app.go:1103.88,1105.4 1 1
GOproject/app.go:1105.9,1107.4 1 1
GOproject/app.go:1110.2,1110.18 1 1
GOproject/app.go:1114.70,1121.16 6 1
GOproject/app.go:1121.16,1123.51 2 1
GOproject/app.go:1123.51,1125.4 1 1
GOproject/app.go:1128.2,1129.16 2 1
GOproject/app.go:1129.16,1131.3 1 1
GOproject/app.go:1133.2,1135.17 2 1
GOproject/app.go:1135.17,1137.3 1 0
GOproject/app.go:1139.2,1139.17 1 1
GOproject/app.go:1139.17,1141.3 1 0
GOproject/app.go:1143.2,1143.17 1 1
GOproject/app.go:1143.17,1145.3 1 0
GOproject/app.go:1147.2,1148.23 2 1
GOproject/app.go:1148.23,1150.3 1 0
GOproject/app.go:1153.2,1175.48 6 1
GOproject/app.go:1179.60,1184.43 3 1
GOproject/app.go:1184.43,1186.3 1 0
GOproject/app.go:1188.2,1188.53 1 1
GOproject/app.go:1192.77,1197.24 3 1
GOproject/app.go:1197.24,1198.44 1 1
GOproject/app.go:1198.44,1200.4 1 0
GOproject/app.go:1203.2,1203.64 1 1
GOproject/app.go:1206.57,1218.2 3 1
GOproject/app.go:1220.67,1222.22 2 1
GOproject/app.go:1222.22,1224.3 1 0
GOproject/app.go:1226.2,1227.63 2 1
GOproject/app.go:1227.63,1229.3 1 0
GOproject/app.go:1231.2,1232.23 2 1
GOproject/app.go:1232.23,1234.3 1 0
GOproject/app.go:1236.2,1237.98 2 1
GOproject/app.go:1237.98,1238.54 1 1
GOproject/app.go:1238.54,1240.4 1 0
GOproject/app.go:1241.3,1241.26 1 1
GOproject/app.go:1243.2,1243.50 1 1
GOproject/app.go:1243.50,1245.3 1 0
GOproject/app.go:1247.2,1250.9 4 1
GOproject/app.go:1250.9,1252.3 1 0
GOproject/app.go:1254.2,1254.18 1 1
GOproject/app.go:1257.68,1259.23 2 0
GOproject/app.go:1259.23,1261.3 1 0
GOproject/app.go:1263.2,1264.98 2 0
GOproject/app.go:1264.98,1265.54 1 0
GOproject/app.go:1265.54,1267.4 1 0
GOproject/app.go:1268.3,1268.26 1 0
GOproject/app.go:1270.2,1270.50 1 0
GOproject/app.go:1270.50,1272.3 1 0
GOproject/app.go:1274.2,1277.9 4 0
GOproject/app.go:1277.9,1279.3 1 0
GOproject/app.go:1281.2,1281.18 1 0
GOproject/app.go:1284.73,1285.21 1 1
GOproject/app.go:1285.21,1287.3 1 0
GOproject/app.go:1288.2,1288.30 1 1
GOproject/app.go:1288.30,1290.3 1 1
GOproject/app.go:1291.2,1291.23 1 1
GOproject/app.go:1295.61,1296.54 1 1
GOproject/app.go:1296.54,1304.28 5 1
GOproject/app.go:1304.28,1307.4 2 1
GOproject/app.go:1309.3,1309.13 1 1
GOproject/app.go:1313.49,1314.57 1 1
GOproject/app.go:1314.57,1316.3 1 1
GOproject/app.go:1317.2,1317.17 1 1
GOproject/app.go:1320.42,1322.42 2 1
GOproject/app.go:1322.42,1324.3 1 0
GOproject/app.go:1325.2,1325.37 1 1
GOproject/app.go:1329.44,1349.16 19 0
GOproject/app.go:1349.16,1352.3 2 0
GOproject/app.go:1353.2,1353.30 1 0
GOproject/app.go:1357.70,1363.17 5 1
GOproject/app.go:1363.17,1365.3 1 0
GOproject/app.go:1366.2,1366.17 1 1
GOproject/app.go:1366.17,1368.3 1 0
GOproject/app.go:1371.2,1371.36 1 1
GOproject/app.go:1371.36,1373.3 1 0
GOproject/app.go:1376.2,1384.91 3 1
GOproject/app.go:1384.91,1386.3 1 1
GOproject/app.go:1388.2,1388.42 1 0
GOproject/app.go:1392.77,1395.13 3 0
GOproject/app.go:1395.13,1398.3 2 0
GOproject/app.go:1400.2,1400.29 1 0
GOproject/app.go:1400.29,1403.3 2 0
GOproject/app.go:1406.2,1406.50 1 0
GOproject/app.go:1406.50,1408.3 1 0
GOproject/app.go:1409.2,1412.12 3 0
GOproject/clip.go:43.39,45.35 2 0
GOproject/clip.go:45.35,46.19 1 0
GOproject/clip.go:46.19,49.4 2 0
GOproject/clip.go:52.3,52.41 1 0
GOproject/clip.go:52.41,55.4 1 0
GOproject/clip.go:57.3,62.100 4 0
GOproject/clip.go:62.100,64.4 1 0
GOproject/clip.go:64.18,66.4 1 0
GOproject/clip.go:70.68,71.21 1 1
GOproject/clip.go:71.21,73.3 1 1
GOproject/clip.go:75.2,78.26 3 1
GOproject/clip.go:78.26,80.17 2 1
GOproject/clip.go:80.17,82.4 1 0
GOproject/clip.go:83.3,83.19 1 1
GOproject/clip.go:83.19,85.4 1 1
GOproject/clip.go:85.9,87.4 1 1
GOproject/clip.go:90.2,90.29 1 1
GOproject/clip.go:90.29,92.3 1 1
GOproject/clip.go:93.2,93.28 1 1
GOproject/clip.go:93.28,95.3 1 1
GOproject/clip.go:96.2,96.27 1 1
GOproject/clip.go:96.27,98.3 1 1
GOproject/clip.go:99.2,99.23 1 0
GOproject/clip.go:102.56,104.26 2 1
GOproject/clip.go:104.26,106.17 2 1
GOproject/clip.go:106.17,108.4 1 0
GOproject/clip.go:109.3,109.19 1 1
GOproject/clip.go:109.19,110.82 1 1
GOproject/clip.go:110.82,111.23 1 1
GOproject/clip.go:111.23,113.6 1 0
GOproject/clip.go:114.5,114.30 1 1
GOproject/clip.go:114.30,116.6 1 1
GOproject/clip.go:117.5,117.15 1 1
GOproject/clip.go:119.4,119.18 1 1
GOproject/clip.go:119.18,121.5 1 0
GOproject/clip.go:122.4,122.12 1 1
GOproject/clip.go:124.3,124.23 1 1
GOproject/clip.go:126.2,126.19 1 1
GOproject/clip.go:130.54,131.63 1 0
GOproject/clip.go:131.63,133.3 1 0
GOproject/clip.go:135.2,144.29 6 0
GOproject/clip.go:148.68,150.17 2 0
GOproject/clip.go:150.17,153.3 2 0
GOproject/clip.go:155.2,155.44 1 0
GOproject/clip.go:155.44,158.22 3 0
GOproject/clip.go:158.22,161.4 2 0
GOproject/clip.go:165.2,165.67 1 0
GOproject/clip.go:165.67,170.38 4 0
GOproject/clip.go:170.38,173.4 2 0
GOproject/clip.go:175.3,175.39 1 0
GOproject/clip.go:175.39,177.18 2 0
GOproject/clip.go:177.18,180.5 2 0
GOproject/clip.go:181.4,181.43 1 0
GOproject/clip.go:181.43,185.5 2 0
GOproject/clip.go:187.3,187.76 1 0
GOproject/clip.go:194.2,194.24 1 0
GOproject/clip.go:194.24,198.17 3 0
GOproject/clip.go:198.17,201.4 2 0
GOproject/clip.go:202.3,205.98 2 0
GOproject/clip.go:205.98,208.4 2 0
GOproject/clip.go:209.3,209.9 1 0
GOproject/clip.go:213.2,213.33 1 0
GOproject/clip.go:213.33,217.3 2 0
GOproject/clip.go:218.2,238.16 9 0
GOproject/clip.go:238.16,240.3 1 0
GOproject/clip.go:241.2,243.16 2 0
GOproject/clip.go:243.16,246.3 2 0
GOproject/clip.go:249.2,249.97 1 0
GOproject/clip.go:249.97,252.3 2 0
GOproject/clip.go:254.109,256.16 2 0
GOproject/clip.go:256.16,259.3 2 0
GOproject/clip.go:261.2,264.24 2 0
GOproject/clip.go:264.24,268.3 3 0
GOproject/clip.go:271.2,273.16 3 0
GOproject/clip.go:273.16,276.3 2 0
GOproject/clip.go:278.2,283.16 4 0
GOproject/clip.go:283.16,286.3 2 0
GOproject/clip.go:287.2,293.31 4 0
GOproject/clip.go:293.31,294.87 1 0
GOproject/clip.go:294.87,296.4 1 0
GOproject/clip.go:300.2,301.48 2 0
GOproject/clip.go:301.48,304.3 2 0
GOproject/clip.go:304.8,307.3 2 0
GOproject/clip.go:309.2,309.23 1 0
GOproject/clip.go:309.23,314.3 4 0
GOproject/clip.go:317.2,317.44 1 0
GOproject/clip.go:317.44,321.3 3 0
GOproject/clip.go:324.2,325.16 2 0
GOproject/clip.go:325.16,329.3 3 0
GOproject/clip.go:331.2,341.24 7 0
GOproject/clip.go:341.24,342.23 1 0
GOproject/clip.go:342.23,345.85 2 0
GOproject/clip.go:345.85,348.5 2 0
GOproject/clip.go:349.4,350.44 2 0
GOproject/clip.go:352.3,352.9 1 0
GOproject/clip.go:355.2,356.44 2 0
GOproject/clip.go:359.113,363.16 4 0
GOproject/clip.go:363.16,366.3 2 0
GOproject/clip.go:368.2,378.16 8 0
GOproject/clip.go:378.16,381.3 2 0
GOproject/clip.go:382.2,385.16 3 0
GOproject/clip.go:385.16,388.3 2 0
GOproject/clip.go:389.2,389.46 1 0
GOproject/clip.go:389.46,393.3 3 0
GOproject/clip.go:394.2,394.37 1 0
GOproject/clip.go:394.37,397.3 2 0
GOproject/clip.go:398.2,413.24 13 0
GOproject/clip.go:413.24,414.23 1 0
GOproject/clip.go:414.23,417.127 2 0
GOproject/clip.go:417.127,419.5 1 0
GOproject/clip.go:420.4,421.48 2 0
GOproject/clip.go:423.3,423.9 1 0
GOproject/clip.go:426.2,427.44 2 0
GOproject/clip.go:430.63,434.25 4 0
GOproject/clip.go:434.25,435.26 1 0
GOproject/clip.go:435.26,437.9 2 0
GOproject/clip.go:441.2,441.21 1 0
GOproject/clip.go:441.21,444.3 2 0
GOproject/clip.go:446.2,449.16 4 0
GOproject/clip.go:449.16,451.3 1 0
GOproject/clip.go:452.2,454.16 2 0
GOproject/clip.go:454.16,458.3 3 0
GOproject/clip.go:458.8,460.3 1 0
GOproject/clip.go:463.41,465.15 2 1
GOproject/clip.go:465.15,466.48 1 1
GOproject/clip.go:466.48,468.4 1 1
GOproject/clip.go:470.2,470.35 1 1
GOproject/clip.go:473.41,475.15 2 1
GOproject/clip.go:475.15,477.3 1 0
GOproject/clip.go:478.2,478.18 1 1
GOproject/clip.go:478.18,480.3 1 1
GOproject/clip.go:481.2,481.12 1 1
GOproject/clip.go:487.102,488.15 1 0
GOproject/clip.go:488.15,490.3 1 0
GOproject/clip.go:491.2,491.29 1 0
GOproject/clip.go:491.29,493.3 1 0
GOproject/clip.go:495.2,495.41 1 0
GOproject/clip.go:495.41,497.3 1 0
GOproject/clip.go:500.2,504.12 3 0
GOproject/clip.go:504.12,505.7 1 0
GOproject/clip.go:505.7,506.11 1 0
GOproject/clip.go:507.22,508.11 1 0
GOproject/clip.go:509.18,510.30 1 0
GOproject/clip.go:511.19,512.30 1 0
GOproject/clip.go:518.2,518.31 1 0
GOproject/clip.go:518.31,520.3 1 0
GOproject/clip.go:522.2,522.12 1 0
GOproject/clip.go:526.97,533.6 5 0
GOproject/clip.go:533.6,534.10 1 0
GOproject/clip.go:535.21,536.10 1 0
GOproject/clip.go:537.19,539.18 2 0
GOproject/clip.go:539.18,540.13 1 0
GOproject/clip.go:544.4,544.70 1 0
GOproject/clip.go:544.70,545.13 1 0
GOproject/clip.go:549.4,554.86 3 0
GOproject/clip.go:554.86,562.5 5 0
GOproject/clip.go:567.75,575.12 3 0
GOproject/clip.go:575.12,579.17 3 0
GOproject/clip.go:579.17,582.4 2 0
GOproject/clip.go:585.3,585.17 1 0
GOproject/clip.go:589.52,590.46 1 0
GOproject/clip.go:590.46,593.3 2 0
GOproject/clip.go:595.2,596.51 2 0
GOproject/clip.go:596.51,598.3 1 0
GOproject/clip.go:600.2,601.34 2 0
GOproject/clip.go:601.34,602.47 1 0
GOproject/clip.go:602.47,605.4 2 0
GOproject/clip.go:606.3,606.37 1 0
GOproject/clip.go:609.2,610.13 2 0
GOproject/clip.go:610.13,612.3 1 0
GOproject/clip.go:613.2,613.16 1 0
GOproject/clip.go:616.92,617.17 1 0
GOproject/clip.go:617.17,620.3 1 0
GOproject/clip.go:620.8,623.3 1 0
GOproject/clip.go:626.67,631.2 4 1
GOproject/clip.go:633.72,637.35 3 1
GOproject/clip.go:637.35,639.3 1 0
GOproject/clip.go:640.2,640.70 1 1
GOproject/clip.go:640.70,643.3 2 0
GOproject/clip.go:645.2,647.13 3 1
GOproject/clip.go:652.52,657.17 4 0
GOproject/clip.go:657.17,661.17 4 0
GOproject/clip.go:661.17,664.4 2 0
GOproject/clip.go:665.8,667.3 1 0
GOproject/clip.go:670.2,670.67 1 0
GOproject/clip.go:670.67,672.17 2 0
GOproject/clip.go:672.17,675.4 2 0
GOproject/clip.go:678.2,680.18 3 0
GOproject/clip.go:684.70,686.2 1 0
GOproject/clip.go:689.78,690.21 1 1
GOproject/clip.go:690.21,692.3 1 0
GOproject/clip.go:694.2,695.52 2 1
GOproject/clip.go:695.52,697.3 1 0
GOproject/clip.go:699.2,700.53 2 1
GOproject/clip.go:700.53,702.3 1 0
GOproject/clip.go:704.2,708.26 4 1
GOproject/clip.go:708.26,709.19 1 1
GOproject/clip.go:709.19,711.4 1 0
GOproject/clip.go:712.3,713.17 2 1
GOproject/clip.go:713.17,715.4 1 0
GOproject/clip.go:716.3,719.31 4 1
GOproject/clip.go:719.31,721.4 1 1
GOproject/clip.go:722.3,722.54 1 1
GOproject/clip.go:722.54,724.4 1 0
GOproject/clip.go:726.3,728.66 3 1
GOproject/clip.go:728.66,730.4 1 0
GOproject/clip.go:731.3,731.59 1 1
GOproject/clip.go:731.59,733.4 1 0
GOproject/clip.go:735.3,737.62 3 1
GOproject/clip.go:737.62,739.4 1 1
GOproject/clip.go:740.3,741.45 2 1
GOproject/clip.go:741.45,744.4 2 1
GOproject/clip.go:747.2,747.22 1 1
GOproject/clip.go:751.70,752.21 1 1
GOproject/clip.go:752.21,754.3 1 0
GOproject/clip.go:757.2,757.26 1 1
GOproject/clip.go:757.26,758.39 1 1
GOproject/clip.go:758.39,760.4 1 0
GOproject/clip.go:763.2,770.18 3 1
GOproject/clip.go:774.50,776.16 2 0
GOproject/clip.go:776.16,778.3 1 0
GOproject/clip.go:779.2,779.31 1 0
GOproject/clip.go:783.45,785.2 1 1
GOproject/handlers.go:18.67,24.27 5 1
GOproject/handlers.go:24.27,26.3 1 0
GOproject/handlers.go:28.2,28.23 1 1
GOproject/handlers.go:28.23,32.3 3 1
GOproject/handlers.go:34.2,34.24 1 1
GOproject/handlers.go:34.24,36.62 2 1
GOproject/handlers.go:36.62,39.4 2 0
GOproject/handlers.go:41.3,41.21 1 1
GOproject/handlers.go:41.21,44.4 2 0
GOproject/handlers.go:46.3,47.26 2 1
GOproject/handlers.go:47.26,50.4 2 0
GOproject/handlers.go:53.3,54.32 2 1
GOproject/handlers.go:54.32,55.34 1 1
GOproject/handlers.go:55.34,59.5 3 1
GOproject/handlers.go:61.3,65.17 4 1
GOproject/handlers.go:65.17,68.4 2 0
GOproject/handlers.go:70.3,72.9 3 1
GOproject/handlers.go:75.2,75.66 1 0
GOproject/handlers.go:79.70,85.27 5 0
GOproject/handlers.go:85.27,87.3 1 0
GOproject/handlers.go:89.2,89.23 1 0
GOproject/handlers.go:89.23,92.3 2 0
GOproject/handlers.go:94.2,95.16 2 0
GOproject/handlers.go:95.16,98.3 2 0
GOproject/handlers.go:101.2,103.36 3 0
GOproject/handlers.go:103.36,105.3 1 0
GOproject/handlers.go:107.2,107.62 1 0
GOproject/handlers.go:107.62,110.3 2 0
GOproject/handlers.go:112.2,112.18 1 0
GOproject/handlers.go:112.18,115.3 2 0
GOproject/handlers.go:117.2,121.13 4 0
GOproject/handlers.go:121.13,124.3 2 0
GOproject/handlers.go:126.2,126.33 1 0
GOproject/handlers.go:130.67,136.27 5 1
GOproject/handlers.go:136.27,138.3 1 0
GOproject/handlers.go:140.2,141.16 2 1
GOproject/handlers.go:141.16,144.3 2 0
GOproject/handlers.go:146.2,146.23 1 1
GOproject/handlers.go:146.23,150.3 3 1
GOproject/handlers.go:152.2,152.24 1 1
GOproject/handlers.go:152.24,154.62 2 1
GOproject/handlers.go:154.62,157.4 2 0
GOproject/handlers.go:159.3,159.21 1 1
GOproject/handlers.go:159.21,162.4 2 0
GOproject/handlers.go:164.3,165.21 2 1
GOproject/handlers.go:165.21,168.4 2 0
GOproject/handlers.go:170.3,173.9 4 1
GOproject/handlers.go:176.2,176.66 1 0
GOproject/handlers.go:180.68,186.27 5 1
GOproject/handlers.go:186.27,188.3 1 0
GOproject/handlers.go:190.2,190.24 1 1
GOproject/handlers.go:190.24,193.3 2 0
GOproject/handlers.go:195.2,196.16 2 1
GOproject/handlers.go:196.16,199.3 2 0
GOproject/handlers.go:201.2,202.61 2 1
GOproject/handlers.go:202.61,205.3 2 0
GOproject/handlers.go:207.2,207.45 1 1
GOproject/handlers.go:207.45,210.3 2 0
GOproject/handlers.go:212.2,213.16 2 1
GOproject/handlers.go:213.16,216.3 2 0
GOproject/handlers.go:217.2,221.37 4 1
GOproject/handlers.go:225.74,231.27 5 1
GOproject/handlers.go:231.27,233.3 1 0
GOproject/handlers.go:235.2,235.24 1 1
GOproject/handlers.go:235.24,238.3 2 0
GOproject/handlers.go:240.2,241.16 2 1
GOproject/handlers.go:241.16,244.3 2 0
GOproject/handlers.go:246.2,247.61 2 1
GOproject/handlers.go:247.61,250.3 2 0
GOproject/handlers.go:252.2,252.47 1 1
GOproject/handlers.go:252.47,255.3 2 0
GOproject/handlers.go:257.2,258.16 2 1
GOproject/handlers.go:258.16,261.3 2 0
GOproject/handlers.go:262.2,266.40 4 1
GOproject/handlers.go:266.40,268.3 1 0
GOproject/handlers.go:269.2,271.37 3 1
GOproject/handlers.go:275.66,281.27 5 1
GOproject/handlers.go:281.27,283.3 1 0
GOproject/handlers.go:285.2,286.16 2 1
GOproject/handlers.go:286.16,289.3 2 0
GOproject/handlers.go:292.2,294.35 3 1
GOproject/handlers.go:294.35,296.3 1 1
GOproject/handlers.go:298.2,298.39 1 1
GOproject/handlers.go:298.39,299.59 1 1
GOproject/handlers.go:299.59,302.4 2 0
GOproject/handlers.go:303.3,305.9 3 1
GOproject/handlers.go:308.2,308.24 1 1
GOproject/handlers.go:308.24,310.62 2 1
GOproject/handlers.go:310.62,313.4 2 0
GOproject/handlers.go:315.3,316.17 2 1
GOproject/handlers.go:316.17,319.4 2 0
GOproject/handlers.go:320.3,325.9 5 1
GOproject/handlers.go:328.2,328.66 1 0
GOproject/handlers.go:332.70,338.27 5 0
GOproject/handlers.go:338.27,340.3 1 0
GOproject/handlers.go:342.2,342.24 1 0
GOproject/handlers.go:342.24,345.3 2 0
GOproject/handlers.go:347.2,348.16 2 0
GOproject/handlers.go:348.16,351.3 2 0
GOproject/handlers.go:353.2,354.61 2 0
GOproject/handlers.go:354.61,357.3 2 0
GOproject/handlers.go:359.2,360.16 2 0
GOproject/handlers.go:360.16,363.3 2 0
GOproject/handlers.go:364.2,368.16 4 0
GOproject/handlers.go:368.16,370.3 1 0
GOproject/handlers.go:370.8,372.3 1 0
GOproject/handlers.go:373.2,374.37 2 0
GOproject/handlers.go:378.73,384.27 5 0
GOproject/handlers.go:384.27,386.3 1 0
GOproject/handlers.go:388.2,388.24 1 0
GOproject/handlers.go:388.24,391.3 2 0
GOproject/handlers.go:393.2,394.16 2 0
GOproject/handlers.go:394.16,397.3 2 0
GOproject/handlers.go:399.2,400.61 2 0
GOproject/handlers.go:400.61,403.3 2 0
GOproject/handlers.go:405.2,406.16 2 0
GOproject/handlers.go:406.16,409.3 2 0
GOproject/handlers.go:410.2,413.16 3 0
GOproject/handlers.go:413.16,416.3 2 0
GOproject/handlers.go:418.2,419.37 2 0
GOproject/handlers.go:423.73,429.27 5 0
GOproject/handlers.go:429.27,431.3 1 0
GOproject/handlers.go:433.2,433.24 1 0
GOproject/handlers.go:433.24,436.3 2 0
GOproject/handlers.go:438.2,439.16 2 0
GOproject/handlers.go:439.16,442.3 2 0
GOproject/handlers.go:444.2,451.61 3 0
GOproject/handlers.go:451.61,454.3 2 0
GOproject/handlers.go:456.2,457.16 2 0
GOproject/handlers.go:457.16,460.3 2 0
GOproject/handlers.go:461.2,464.16 3 0
GOproject/handlers.go:464.16,467.3 2 0
GOproject/handlers.go:469.2,470.37 2 0
GOproject/handlers.go:474.67,480.27 5 1
GOproject/handlers.go:480.27,482.3 1 0
GOproject/handlers.go:484.2,484.24 1 1
GOproject/handlers.go:484.24,487.3 2 0
GOproject/handlers.go:489.2,490.16 2 1
GOproject/handlers.go:490.16,493.3 2 0
GOproject/handlers.go:495.2,496.61 2 1
GOproject/handlers.go:496.61,499.3 2 0
GOproject/handlers.go:501.2,502.16 2 1
GOproject/handlers.go:502.16,505.3 2 0
GOproject/handlers.go:506.2,510.37 4 1
GOproject/handlers.go:514.72,520.27 5 1
GOproject/handlers.go:520.27,522.3 1 0
GOproject/handlers.go:524.2,524.23 1 1
GOproject/handlers.go:524.23,527.3 2 0
GOproject/handlers.go:529.2,530.16 2 1
GOproject/handlers.go:530.16,533.3 2 0
GOproject/handlers.go:536.2,538.41 3 1
GOproject/handlers.go:538.41,540.3 1 1
GOproject/handlers.go:542.2,542.18 1 1
GOproject/handlers.go:542.18,545.3 2 1
GOproject/handlers.go:547.2,547.40 1 1
GOproject/handlers.go:547.40,550.3 2 0
GOproject/handlers.go:552.2,556.39 4 1
GOproject/handlers.go:560.70,564.27 3 1
GOproject/handlers.go:564.27,566.3 1 0
GOproject/handlers.go:568.2,568.23 1 1
GOproject/handlers.go:568.23,571.3 2 0
GOproject/handlers.go:574.2,576.39 3 1
GOproject/handlers.go:576.39,578.3 1 1
GOproject/handlers.go:580.2,580.16 1 1
GOproject/handlers.go:580.16,583.3 2 0
GOproject/handlers.go:586.2,590.26 4 1
GOproject/handlers.go:590.26,592.3 1 1
GOproject/handlers.go:593.2,595.30 2 1
GOproject/handlers.go:595.30,597.26 2 1
GOproject/handlers.go:597.26,598.21 1 1
GOproject/handlers.go:598.21,600.10 2 1
GOproject/handlers.go:603.3,603.22 1 1
GOproject/handlers.go:603.22,604.9 1 1
GOproject/handlers.go:608.2,608.21 1 1
GOproject/handlers.go:608.21,611.3 2 0
GOproject/handlers.go:613.2,613.65 1 1
GOproject/handlers.go:613.65,616.3 2 0
GOproject/handlers.go:618.2,619.55 2 1
GOproject/handlers.go:619.55,622.3 2 0
GOproject/handlers.go:624.2,624.27 1 1
GOproject/handlers.go:624.27,625.36 1 0
GOproject/handlers.go:625.36,628.4 2 0
GOproject/handlers.go:629.3,630.21 2 0
GOproject/handlers.go:630.21,632.4 1 0
GOproject/handlers.go:633.3,634.21 2 0
GOproject/handlers.go:634.21,636.4 1 0
GOproject/handlers.go:638.3,639.17 2 0
GOproject/handlers.go:639.17,642.4 2 0
GOproject/handlers.go:643.3,649.9 6 0
GOproject/handlers.go:652.2,652.36 1 1
GOproject/handlers.go:652.36,655.3 2 0
GOproject/handlers.go:657.2,658.16 2 1
GOproject/handlers.go:658.16,661.3 2 0
GOproject/handlers.go:662.2,665.16 3 1
GOproject/handlers.go:665.16,668.3 2 0
GOproject/handlers.go:671.2,674.18 4 1
GOproject/handlers.go:678.77,683.27 4 0
GOproject/handlers.go:683.27,685.3 1 0
GOproject/handlers.go:687.2,687.24 1 0
GOproject/handlers.go:687.24,690.3 2 0
GOproject/handlers.go:692.2,693.61 2 0
GOproject/handlers.go:693.61,696.3 2 0
GOproject/handlers.go:699.2,703.13 4 0
GOproject/handlers.go:703.13,706.3 2 0
GOproject/handlers.go:708.2,708.24 1 0
GOproject/handlers.go:708.24,711.3 2 0
GOproject/handlers.go:712.2,729.16 9 0
GOproject/handlers.go:729.16,731.3 1 0
GOproject/handlers.go:732.2,734.16 2 0
GOproject/handlers.go:734.16,736.3 1 0
GOproject/handlers.go:738.2,738.31 1 0
GOproject/handlers.go:742.71,747.27 4 1
GOproject/handlers.go:747.27,749.3 1 0
GOproject/handlers.go:751.2,751.24 1 1
GOproject/handlers.go:751.24,754.3 2 0
GOproject/handlers.go:756.2,758.74 3 1
GOproject/handlers.go:758.74,761.22 2 1
GOproject/handlers.go:761.22,763.4 1 1
GOproject/handlers.go:766.2,766.16 1 1
GOproject/handlers.go:766.16,769.3 2 0
GOproject/handlers.go:771.2,784.14 10 1
GOproject/handlers.go:784.14,785.21 1 0
GOproject/handlers.go:785.21,787.4 1 0
GOproject/handlers.go:788.3,788.57 1 0
GOproject/handlers.go:789.8,791.3 1 1
GOproject/handlers.go:793.2,794.16 2 1
GOproject/handlers.go:794.16,798.3 3 0
GOproject/handlers.go:800.2,801.43 2 1
GOproject/handlers.go:801.43,803.3 1 0
GOproject/handlers.go:804.2,804.16 1 1
GOproject/handlers.go:804.16,808.3 3 0
GOproject/handlers.go:810.2,810.28 1 1
GOproject/handlers.go:810.28,815.3 4 0
GOproject/handlers.go:817.2,826.26 6 1
GOproject/handlers.go:826.26,828.3 1 1
GOproject/handlers.go:829.2,831.30 2 1
GOproject/handlers.go:831.30,833.26 2 1
GOproject/handlers.go:833.26,834.21 1 1
GOproject/handlers.go:834.21,837.10 3 1
GOproject/handlers.go:840.3,840.22 1 1
GOproject/handlers.go:840.22,841.9 1 1
GOproject/handlers.go:845.2,845.21 1 1
GOproject/handlers.go:845.21,849.3 3 0
GOproject/handlers.go:851.2,851.60 1 1
GOproject/handlers.go:851.60,854.3 2 0
GOproject/handlers.go:856.2,856.65 1 1
GOproject/handlers.go:856.65,859.3 2 0
GOproject/handlers.go:861.2,862.9 2 1
GOproject/handlers.go:862.9,865.3 2 0
GOproject/handlers.go:867.2,868.14 2 1
GOproject/handlers.go:868.14,869.21 1 0
GOproject/handlers.go:869.21,871.4 1 0
GOproject/handlers.go:872.3,876.22 5 0
GOproject/handlers.go:876.22,878.4 1 0
GOproject/handlers.go:879.3,879.27 1 0
GOproject/handlers.go:879.27,880.75 1 0
GOproject/handlers.go:880.75,882.5 1 0
GOproject/handlers.go:882.10,884.5 1 0
GOproject/handlers.go:885.9,887.4 1 0
GOproject/handlers.go:888.3,889.109 2 0
GOproject/handlers.go:890.8,894.3 3 1
GOproject/handlers.go:895.2,900.18 3 1
GOproject/handlers.go:900.18,904.17 4 1
GOproject/handlers.go:904.17,906.4 1 1
GOproject/handlers.go:907.3,909.17 2 1
GOproject/handlers.go:909.17,911.4 1 1
GOproject/handlers.go:914.2,914.30 1 1
GOproject/main.go:17.13,52.16 5 0
GOproject/main.go:52.16,54.3 1 0
GOproject/network.go:29.56,37.2 1 1
GOproject/network.go:40.49,48.53 6 1
GOproject/network.go:48.53,50.17 2 1
GOproject/network.go:50.17,52.9 2 0
GOproject/network.go:54.3,58.17 5 1
GOproject/network.go:58.17,60.28 2 0
GOproject/network.go:60.28,63.13 3 0
GOproject/network.go:65.4,66.91 2 0
GOproject/network.go:68.3,70.39 2 1
GOproject/network.go:70.39,72.28 2 1
GOproject/network.go:72.28,75.13 3 1
GOproject/network.go:77.4,78.18 2 1
GOproject/network.go:81.3,83.13 3 1
GOproject/network.go:86.2,87.16 2 0
GOproject/network.go:91.44,95.2 3 1
GOproject/network.go:98.64,101.16 3 1
GOproject/network.go:101.16,103.3 1 0
GOproject/network.go:105.2,106.16 2 1
GOproject/network.go:106.16,108.3 1 0
GOproject/network.go:109.2,115.16 6 1
GOproject/network.go:115.16,118.3 2 0
GOproject/network.go:119.2,121.79 2 1
GOproject/network.go:121.79,123.3 1 0
GOproject/network.go:125.2,126.16 2 1
GOproject/network.go:126.16,128.3 1 0
GOproject/network.go:130.2,131.52 2 1
GOproject/network.go:131.52,133.3 1 0
GOproject/network.go:135.2,135.19 1 1
GOproject/network.go:139.90,146.16 3 1
GOproject/network.go:146.16,148.3 1 0
GOproject/network.go:150.2,151.16 2 1
GOproject/network.go:151.16,153.3 1 0
GOproject/network.go:154.2,160.16 6 1
GOproject/network.go:160.16,163.3 2 0
GOproject/network.go:164.2,166.38 2 1
GOproject/network.go:166.38,168.3 1 0
GOproject/network.go:170.2,171.16 2 1
GOproject/network.go:171.16,173.3 1 0
GOproject/network.go:175.2,176.54 2 1
GOproject/network.go:176.54,178.3 1 0
GOproject/network.go:180.2,180.31 1 1
GOproject/network.go:185.123,192.16 3 0
GOproject/network.go:192.16,194.3 1 0
GOproject/network.go:196.2,197.16 2 0
GOproject/network.go:197.16,199.3 1 0
GOproject/network.go:200.2,206.16 6 0
GOproject/network.go:206.16,209.3 2 0
GOproject/network.go:210.2,212.38 2 0
GOproject/network.go:212.38,214.3 1 0
GOproject/network.go:216.2,217.63 2 0
GOproject/network.go:217.63,219.3 1 0
GOproject/network.go:221.2,221.17 1 0
GOproject/network.go:225.74,227.2 1 1
GOproject/network.go:230.68,232.16 2 1
GOproject/network.go:232.16,234.3 1 0
GOproject/network.go:235.2,236.49 2 1
GOproject/network.go:240.127,246.17 2 1
GOproject/network.go:246.17,248.3 1 1
GOproject/network.go:249.2,249.70 1 1
GOproject/network.go:253.109,259.17 2 1
GOproject/network.go:259.17,261.3 1 1
GOproject/network.go:262.2,263.16 2 1
GOproject/network.go:263.16,265.3 1 0
GOproject/network.go:266.2,267.49 2 1
GOproject/network.go:270.115,272.12 2 1
GOproject/network.go:272.12,274.3 1 1
GOproject/network.go:276.2,277.16 2 1
GOproject/network.go:277.16,279.3 1 0
GOproject/network.go:281.2,281.12 1 1
GOproject/network.go:281.12,282.21 1 1
GOproject/network.go:282.21,284.4 1 0
GOproject/network.go:285.3,286.24 2 1
GOproject/network.go:286.24,288.4 1 0
GOproject/network.go:289.3,289.46 1 1
GOproject/network.go:290.8,292.3 1 1
GOproject/network.go:294.2,294.28 1 1
GOproject/network.go:294.28,295.14 1 1
GOproject/network.go:295.14,297.4 1 1
GOproject/network.go:300.2,305.16 5 1
GOproject/network.go:305.16,308.3 2 0
GOproject/network.go:309.2,311.38 2 1
GOproject/network.go:311.38,313.3 1 0
GOproject/network.go:315.2,315.12 1 1
GOproject/network.go:319.43,323.2 3 1
GOproject/network.go:326.38,328.16 2 1
GOproject/network.go:328.16,330.3 1 0
GOproject/network.go:331.2,336.16 5 1
GOproject/network.go:336.16,339.3 2 0
GOproject/network.go:340.2,342.38 2 1
GOproject/network.go:342.38,345.3 2 0
GOproject/network.go:347.2,351.12 4 1
GOproject/sanitize.go:18.57,26.43 4 1
GOproject/sanitize.go:26.43,28.53 1 1
GOproject/sanitize.go:28.53,30.4 1 0
GOproject/sanitize.go:32.3,32.32 1 1
GOproject/sanitize.go:32.32,34.4 1 1
GOproject/sanitize.go:36.3,36.61 1 1
GOproject/sanitize.go:36.61,38.4 1 0
GOproject/sanitize.go:40.3,40.33 1 1
GOproject/sanitize.go:40.33,42.4 1 0
GOproject/sanitize.go:43.3,43.25 1 1
GOproject/sanitize.go:43.25,45.4 1 0
GOproject/sanitize.go:46.3,46.11 1 1
GOproject/sanitize.go:50.2,50.16 1 1
GOproject/sanitize.go:50.16,52.26 2 1
GOproject/sanitize.go:52.26,54.4 1 1
GOproject/sanitize.go:57.2,57.16 1 1
GOproject/sanitize.go:60.43,62.2 1 1
GOproject/sanitize.go:64.43,66.2 1 1
GOproject/sanitize.go:68.45,70.2 1 1
GOproject/sanitize.go:72.47,74.2 1 1
GOproject/sanitize.go:76.48,78.2 1 1
GOproject/sse.go:52.34,56.2 1 1
GOproject/sse.go:59.104,70.2 5 1
GOproject/sse.go:73.55,77.71 3 1
GOproject/sse.go:77.71,79.3 1 1
GOproject/sse.go:83.99,85.16 2 1
GOproject/sse.go:85.16,87.3 1 1
GOproject/sse.go:89.2,89.58 1 1
GOproject/sse.go:89.58,92.3 2 0
GOproject/sse.go:94.2,94.12 1 1
GOproject/sse.go:98.80,100.33 2 1
GOproject/sse.go:100.33,101.59 1 1
GOproject/sse.go:101.59,104.4 2 0
GOproject/sse.go:109.122,111.29 2 1
GOproject/sse.go:111.29,113.3 1 1
GOproject/sse.go:115.2,115.41 1 1
GOproject/sse.go:115.41,116.37 1 1
GOproject/sse.go:116.37,118.4 1 1
GOproject/sse.go:119.3,120.12 2 1
GOproject/sse.go:123.2,125.33 2 1
GOproject/sse.go:125.33,126.59 1 1
GOproject/sse.go:126.59,129.4 2 0
GOproject/sse.go:134.55,139.2 4 1
GOproject/sse.go:142.58,144.2 1 1
GOproject/sse.go:146.68,151.13 4 1
GOproject/sse.go:151.13,153.3 1 1
GOproject/sse.go:155.2,155.20 1 1
GOproject/sse.go:158.82,163.36 4 1
GOproject/sse.go:163.36,164.38 1 1
GOproject/sse.go:164.38,166.4 1 1
GOproject/sse.go:169.2,169.16 1 1
GOproject/sse.go:172.84,180.16 3 1
GOproject/sse.go:180.16,182.3 1 0
GOproject/sse.go:184.2,187.80 3 1
GOproject/sse.go:187.80,189.3 1 0
GOproject/sse.go:191.2,191.79 1 1
GOproject/sse.go:191.79,193.3 1 0
GOproject/sse.go:195.2,196.12 2 1
GOproject/sse.go:200.65,202.18 2 0
GOproject/sse.go:202.18,205.3 2 0
GOproject/sse.go:207.2,209.16 3 0
GOproject/sse.go:209.16,212.3 2 0
GOproject/sse.go:214.2,214.62 1 0
GOproject/sse.go:214.62,217.3 2 0
GOproject/sse.go:220.2,228.9 7 0
GOproject/sse.go:228.9,231.3 2 0
GOproject/sse.go:234.2,238.116 3 0
GOproject/sse.go:238.116,240.3 1 0
GOproject/sse.go:243.2,243.15 1 0
GOproject/sse.go:243.15,248.39 3 0
GOproject/sse.go:248.39,251.4 2 0
GOproject/sse.go:254.3,258.13 4 0
GOproject/sse.go:258.13,259.26 1 0
GOproject/sse.go:259.26,261.5 1 0
GOproject/sse.go:263.4,268.86 4 0
GOproject/sse.go:272.2,275.6 3 0
GOproject/sse.go:275.6,276.10 1 0
GOproject/sse.go:277.29,278.10 1 0
GOproject/sse.go:279.19,280.61 1 0
GOproject/sse.go:280.61,283.5 2 0
GOproject/sse_test_helpers.go:18.36,20.2 1 1
GOproject/sse_test_helpers.go:22.44,24.2 1 0
GOproject/sse_test_helpers.go:26.52,28.2 1 1
GOproject/sse_test_helpers.go:30.51,32.2 1 0
GOproject/sse_test_helpers.go:34.31,36.2 1 1
GOproject/sse_test_helpers.go:38.31,41.2 2 1
GOproject/sse_test_helpers.go:48.48,50.15 2 1
GOproject/sse_test_helpers.go:50.15,52.3 1 1
GOproject/sse_test_helpers.go:54.2,56.31 3 1
GOproject/sse_test_helpers.go:56.31,58.18 2 1
GOproject/sse_test_helpers.go:58.18,59.12 1 0
GOproject/sse_test_helpers.go:62.3,64.30 3 1
GOproject/sse_test_helpers.go:64.30,66.11 2 1
GOproject/sse_test_helpers.go:67.43,68.69 1 1
GOproject/sse_test_helpers.go:69.42,70.68 1 1
GOproject/sse_test_helpers.go:74.3,74.21 1 1
GOproject/sse_test_helpers.go:74.21,76.4 1 1
GOproject/sse_test_helpers.go:79.2,79.15 1 1
GOproject/sse_test_helpers.go:82.57,86.2 3 1
GOproject/sse_test_helpers.go:88.86,89.29 1 1
GOproject/sse_test_helpers.go:89.29,90.36 1 1
GOproject/sse_test_helpers.go:90.36,92.4 1 1
GOproject/sse_test_helpers.go:94.2,94.31 1 0
GOproject/sse_test_helpers.go:103.67,107.68 3 1
GOproject/sse_test_helpers.go:107.68,109.3 1 0
GOproject/sse_test_helpers.go:110.2,110.31 1 1
GOproject/sse_test_helpers.go:110.31,112.3 1 0
GOproject/sse_test_helpers.go:114.2,115.64 2 1
GOproject/sse_test_helpers.go:115.64,117.3 1 0
GOproject/sse_test_helpers.go:118.2,118.16 1 1
GOproject/test_helpers.go:16.24,21.55 4 1
GOproject/test_helpers.go:21.55,22.64 1 0
GOproject/test_helpers.go:24.2,24.12 1 1
GOproject/test_helpers.go:27.93,32.16 4 1
GOproject/test_helpers.go:32.16,34.3 1 0
GOproject/test_helpers.go:36.2,37.39 2 1
GOproject/test_helpers.go:37.39,40.3 2 1
GOproject/test_helpers.go:43.2,43.44 1 1
GOproject/test_helpers.go:43.44,45.3 1 0
GOproject/test_helpers.go:47.2,47.17 1 1
GOproject/test_helpers.go:50.57,54.41 4 1
GOproject/test_helpers.go:54.41,56.3 1 0
GOproject/test_helpers.go:57.2,57.12 1 1
GOproject/test_helpers.go:60.79,63.2 2 1
GOproject/clip_helper/accessibility_darwin.go:30.40,32.2 1 0
GOproject/clip_helper/accessibility_darwin.go:34.44,36.2 1 0
GOproject/clip_helper/clipboard_darwin.go:13.46,16.16 2 0
GOproject/clip_helper/clipboard_darwin.go:16.16,18.3 1 0
GOproject/clip_helper/clipboard_darwin.go:25.2,25.67 1 0
GOproject/clip_helper/clipboard_darwin.go:25.67,34.3 1 0
GOproject/clip_helper/clipboard_darwin.go:37.2,37.69 1 0
GOproject/clip_helper/clipboard_darwin.go:37.69,42.3 1 0
GOproject/clip_helper/clipboard_darwin.go:45.2,45.70 1 0
GOproject/clip_helper/clipboard_darwin.go:45.70,51.3 2 0
GOproject/clip_helper/clipboard_darwin.go:53.2,53.64 1 0
GOproject/clip_helper/pasteboard_darwin.go:71.44,73.14 2 0
GOproject/clip_helper/pasteboard_darwin.go:73.14,75.3 1 0
GOproject/clip_helper/pasteboard_darwin.go:76.2,80.40 4 0
GOproject/clip_helper/pasteboard_darwin.go:80.40,83.17 3 0
GOproject/clip_helper/pasteboard_darwin.go:83.17,84.12 1 0
GOproject/clip_helper/pasteboard_darwin.go:87.3,88.18 2 0
GOproject/clip_helper/pasteboard_darwin.go:88.18,89.12 1 0
GOproject/clip_helper/pasteboard_darwin.go:92.3,93.31 2 0
GOproject/clip_helper/pasteboard_darwin.go:96.2,96.14 1 0
GOproject/clip_helper/tar.go:19.55,21.2 1 0
GOproject/clip_helper/tar.go:24.94,28.15 3 1
GOproject/clip_helper/tar.go:28.15,31.3 2 1
GOproject/clip_helper/tar.go:34.2,34.26 1 1
GOproject/clip_helper/tar.go:34.26,35.67 1 1
GOproject/clip_helper/tar.go:35.67,37.4 1 0
GOproject/clip_helper/tar.go:40.2,40.12 1 1
GOproject/clip_helper/tar.go:43.57,45.2 1 0
GOproject/clip_helper/tar.go:47.96,49.16 2 1
GOproject/clip_helper/tar.go:49.16,51.3 1 0
GOproject/clip_helper/tar.go:53.2,55.38 2 1
GOproject/clip_helper/tar.go:55.38,57.3 1 0
GOproject/clip_helper/tar.go:59.2,62.85 3 1
GOproject/clip_helper/tar.go:62.85,63.17 1 1
GOproject/clip_helper/tar.go:63.17,65.4 1 0
GOproject/clip_helper/tar.go:67.3,68.17 2 1
GOproject/clip_helper/tar.go:68.17,70.4 1 0
GOproject/clip_helper/tar.go:72.3,73.17 2 1
GOproject/clip_helper/tar.go:73.17,75.4 1 0
GOproject/clip_helper/tar.go:77.3,78.19 2 1
GOproject/clip_helper/tar.go:78.19,80.4 1 0
GOproject/clip_helper/tar.go:82.3,82.45 1 1
GOproject/clip_helper/tar.go:82.45,84.4 1 0
GOproject/clip_helper/tar.go:86.3,86.19 1 1
GOproject/clip_helper/tar.go:86.19,88.4 1 0
GOproject/clip_helper/tar.go:90.3,91.17 2 1
GOproject/clip_helper/tar.go:91.17,93.4 1 0
GOproject/clip_helper/tar.go:94.3,101.22 4 1
GOproject/clip_helper/tar.go:101.22,109.4 1 1
GOproject/clip_helper/tar.go:111.3,112.13 2 1
GOproject/clip_helper/tar.go:117.59,120.16 2 1
GOproject/clip_helper/tar.go:120.16,122.3 1 0
GOproject/clip_helper/tar.go:123.2,130.67 4 1
GOproject/clip_helper/tar.go:130.67,132.3 1 1
GOproject/clip_helper/tar.go:135.2,137.12 3 0
GOproject/clip_helper/tar.go:149.62,151.11 2 1
GOproject/clip_helper/tar.go:151.11,155.75 3 1
GOproject/clip_helper/tar.go:155.75,157.26 2 1
GOproject/clip_helper/tar.go:157.26,159.5 1 1
GOproject/clip_helper/tar.go:162.2,162.15 1 1
GOproject/clip_helper/unzip.go:16.65,17.20 1 1
GOproject/clip_helper/unzip.go:17.20,19.3 1 1
GOproject/clip_helper/unzip.go:22.2,23.16 2 1
GOproject/clip_helper/unzip.go:23.16,25.3 1 0
GOproject/clip_helper/unzip.go:27.2,30.53 2 1
GOproject/clip_helper/unzip.go:30.53,32.3 1 0
GOproject/clip_helper/unzip.go:35.2,38.27 2 1
GOproject/clip_helper/unzip.go:38.27,45.68 2 1
GOproject/clip_helper/unzip.go:45.68,47.26 1 1
GOproject/clip_helper/unzip.go:47.26,49.5 1 1
GOproject/clip_helper/unzip.go:52.3,52.27 1 1
GOproject/clip_helper/unzip.go:52.27,54.55 1 1
GOproject/clip_helper/unzip.go:54.55,56.5 1 0
GOproject/clip_helper/unzip.go:57.4,57.12 1 1
GOproject/clip_helper/unzip.go:61.3,61.63 1 1
GOproject/clip_helper/unzip.go:61.63,63.4 1 0
GOproject/clip_helper/unzip.go:66.3,67.17 2 1
GOproject/clip_helper/unzip.go:67.17,69.4 1 0
GOproject/clip_helper/unzip.go:72.3,73.17 2 1
GOproject/clip_helper/unzip.go:73.17,76.4 2 0
GOproject/clip_helper/unzip.go:79.3,85.17 4 1
GOproject/clip_helper/unzip.go:85.17,87.4 1 0
GOproject/clip_helper/unzip.go:89.3,89.49 1 1
GOproject/clip_helper/unzip.go:92.2,92.28 1 1
GOproject/clip_helper/util.go:6.39,8.17 2 1
GOproject/clip_helper/util.go:8.17,10.3 1 1
GOproject/clip_helper/util.go:11.2,12.45 2 1
GOproject/clip_helper/util.go:12.45,15.3 2 0
GOproject/clip_helper/util.go:16.2,17.54 2 1
GOproject/clip_helper/zip.go:11.55,15.29 3 1
GOproject/clip_helper/zip.go:15.29,16.55 1 1
GOproject/clip_helper/zip.go:16.55,18.4 1 0
GOproject/clip_helper/zip.go:20.2,20.12 1 1
GOproject/clip_helper/zip.go:23.65,25.45 1 1
GOproject/clip_helper/zip.go:25.45,27.3 1 0
GOproject/clip_helper/zip.go:29.2,31.86 2 1
GOproject/clip_helper/zip.go:31.86,32.17 1 1
GOproject/clip_helper/zip.go:32.17,34.4 1 0
GOproject/clip_helper/zip.go:36.3,37.17 2 1
GOproject/clip_helper/zip.go:37.17,39.4 1 0
GOproject/clip_helper/zip.go:41.3,42.17 2 1
GOproject/clip_helper/zip.go:42.17,44.4 1 0
GOproject/clip_helper/zip.go:47.3,52.19 3 1
GOproject/clip_helper/zip.go:52.19,54.4 1 0
GOproject/clip_helper/zip.go:54.9,56.4 1 1
GOproject/clip_helper/zip.go:58.3,59.17 2 1
GOproject/clip_helper/zip.go:59.17,61.4 1 0
GOproject/clip_helper/zip.go:63.3,63.19 1 1
GOproject/clip_helper/zip.go:63.19,65.4 1 0
GOproject/clip_helper/zip.go:67.3,68.17 2 1
GOproject/clip_helper/zip.go:68.17,70.4 1 0
GOproject/clip_helper/zip.go:71.3,74.13 3 1
